-------------------------------------------------------------------------------
Test set: com.finalProject.booklub.BooklubApplicationTests
-------------------------------------------------------------------------------
Tests run: 1, Failures: 0, Errors: 1, Skipped: 0, Time elapsed: 5.245 s <<< FAILURE! - in com.finalProject.booklub.BooklubApplicationTests
contextLoads  Time elapsed: 0.002 s  <<< ERROR!
java.lang.IllegalStateException: Failed to load ApplicationContext
Caused by: org.springframework.beans.factory.BeanCreationException: 
Error creating bean with name 'requestMappingHandlerMapping' defined in class path resource [org/springframework/boot/autoconfigure/web/servlet/WebMvcAutoConfiguration$EnableWebMvcConfiguration.class]: Invocation of init method failed; nested exception is java.lang.IllegalStateException: Ambiguous mapping. Cannot map 'bookController' method 
com.finalProject.booklub.controller.BookController#getBooks()
to {GET [/api/v1/BOOKLUB]}: There is already 'bookController' bean method
com.finalProject.booklub.controller.BookController#findBookByFirstName(Specification) mapped.
Caused by: java.lang.IllegalStateException: 
Ambiguous mapping. Cannot map 'bookController' method 
com.finalProject.booklub.controller.BookController#getBooks()
to {GET [/api/v1/BOOKLUB]}: There is already 'bookController' bean method
com.finalProject.booklub.controller.BookController#findBookByFirstName(Specification) mapped.

